pt.rocket.jumia.dev/proguard-project.txt
# To enable ProGuard in your project, edit project.properties
# to define the proguard.config property as described in that file.
#
# Add project specific ProGuard rules here.
# By default, the flags in this file are appended to flags specified
# in ${sdk.dir}/tools/proguard/proguard-android.txt
# You can edit the include path and order by changing the ProGuard
# include property in project.properties.
#
# For more details, see
#   http://developer.android.com/guide/developing/tools/proguard.html

# Add any project specific keep options here:

# If your project uses WebView with JS, uncomment the following
# and specify the fully qualified class name to the JavaScript interface
# class:
#-keepclassmembers class fqcn.of.javascript.interface.for.webview {
#   public *;
#}


-optimizationpasses 5
-dontusemixedcaseclassnames
-dontskipnonpubliclibraryclasses
-dontwarn com.jumia.dev.R*
-dontwarn com.ad4screen.R*

-dontwarn sun.reflect.**
-dontwarn android.test.**
-dontwarn com.sun.mail.imap.protocol.**
-keep public class android.net.http.SslError
-keep public class android.webkit.WebViewClient
-dontnote android.support.**

-dontwarn android.webkit.WebView
-dontwarn android.webkit.Network
-dontwarn com.shouldit.proxy.lib.ProxyUtils
-dontwarn com.google.android.**
-dontwarn sun.misc.Unsafe
-dontwarn android.net.http.SslError
-dontwarn android.webkit.WebViewClient
-verbose
-optimizations !code/simplification/arithmetic,!field/*,!class/merging/*

-dontnote com.google.vending.licensing.ILicensingService
-dontnote com.android.vending.licensing.ILicensingService

-libraryjars ../pt.rocket.view/libs/newrelic.android.jar(!sun.misc.Unsafe)
-libraryjars bin/classes(com/google/android/gms/R*.class)


-libraryjars bin/classes(com/ad4screen/sdk/R*.class)
-keepattributes InnerClasses,Signature,Exceptions,EnclosingMethod,SourceFile,LineNumberTable,*Annotation*
-renamesourcefileattribute SourceFile

-dontwarn java.awt.**,javax.security.**,java.beans.**

#-keep class com.google.android.gms { int location_client_powered_by_google; }

-keep public class * extends android.support.v4.app.Fragment
-keep class android.support.v4.app.Fragment
-keep class android.support.v4.app.FragmentManager
-keep class com.google.ads.AdRequest$Gender
-keep class com.google.ads.mediation.MediationInterstitialAdapter
-keep class com.google.ads.mediation.MediationBannerAdapter
-keep class com.google.ads.AdRequest$ErrorCode
-keep class com.google.ads.mediation.NetworkExtras
-keep class android.support.v4.content.Loader
-keep class com.ad4screen.sdk.common.annotations.API

-keep class com.ad4screen.sdk.f

-keep class com.ad4screen.sdk.a.a.g

-keep class com.ad4screen.sdk.a.a.e

-keep class * extends java.util.ListResourceBundle {
    protected java.lang.Object[][] getContents();
}

-keep public class com.google.android.gms.common.internal.safeparcel.SafeParcelable {
    public static final *** NULL;
}

-keepnames @com.google.android.gms.common.annotation.KeepName class *
-keepclassmembernames class * {
    @com.google.android.gms.common.annotation.KeepName *;
}

-keepnames class * implements android.os.Parcelable {
    public static final ** CREATOR;
}




-keep class android.support.v4.content.Loader$OnLoadCompleteListener
-keep class android.support.v4.app.FragmentTransaction


-keep class com.ad4screen.sdk.inbox.Button

-keep class com.ad4screen.sdk.d
-keep class com.ad4screen.sdk.e

-keep @com.ad4screen.sdk.common.annotations.API class * {
	public *;
	@com.ad4screen.sdk.common.annotations.API protected *; 
}

-keep class com.ad4screen.sdk.IA4SService {
	public *;
}

-keep class com.ad4screen.sdk.IA4SService$Stub {
	public *;
}

-keep class com.ad4screen.sdk.plugins.** { *; }

-keep class com.ad4screen.sdk.inbox.Message

-keep class android.support.v4.app.Fragment$SavedState

-keep class com.google.ads.mediation.MediationAdapter

-dontwarn com.ad4screen.sdk.plugins.**

-keep public class * extends android.app.Activity
-keep public class * extends android.app.Application
-keep public class * extends android.app.Service
-keep public class * extends android.content.BroadcastReceiver
-keep public class * extends android.content.ContentProvider
-keep public class * extends android.app.backup.BackupAgentHelper
-keep public class * extends android.preference.Preference


-keepclasseswithmembernames class * {
    native <methods>;
}

-keepclasseswithmembers class * {
    public <init>(android.content.Context, android.util.AttributeSet);
}

-keepclasseswithmembers class * {
    public <init>(android.content.Context, android.util.AttributeSet, int);
}

-keepclassmembers class * extends android.app.Activity {
   public void *(android.view.View);
}

-keepclassmembers enum * {
    public static **[] values();
    public static ** valueOf(java.lang.String);
}

-keep class * implements android.os.Parcelable {
  public static final android.os.Parcelable$Creator *;
}

-keep class com.newrelic.** { *; }
-dontwarn com.newrelic.**
-keepattributes Exceptions, Signature, InnerClasses

-keep class com.facebook.** { *; }
-keepattributes Signature

-keep class com.google.android.** { *; }
-keepattributes Signature

-keep class com.adjust.sdk.** { *; }
-keep class com.google.android.gms.common.** { *; }
-keep class com.google.android.gms.ads.identifier.** { *; }

-keepclassmembers class * extends com.apptimize.ApptimizeTest {
    <methods>;
}

-keep class android.support.v4.view.ViewPager
-keepclassmembers class android.support.v4.view.ViewPager$LayoutParams { *; }
-keep class android.support.v4.app.Fragment { *; }

-keep class com.mixpanel.android.mpmetrics.MixpanelAPI { *;}
-keep class com.google.android.gms.analytics.Tracker { *; }
-keep class com.google.analytics.tracking.android.Tracker { *; }
-keep class com.flurry.android.FlurryAgent { *; }