pt.rocket.jumia.dev/proguard/seeds.txt
pt.rocket.jumia.dev.R$anim: int anim_remove_product_shopcart
pt.rocket.jumia.dev.R$anim: int anim_scale
pt.rocket.jumia.dev.R$anim: int dialog_enter
pt.rocket.jumia.dev.R$anim: int dialog_exit
pt.rocket.jumia.dev.R$anim: int fade_in
pt.rocket.jumia.dev.R$anim: int fade_out
pt.rocket.jumia.dev.R$anim: int grow_fade_in
pt.rocket.jumia.dev.R$anim: int grow_fade_in_from_bottom
pt.rocket.jumia.dev.R$anim: int pop_in
pt.rocket.jumia.dev.R$anim: int pop_out
pt.rocket.jumia.dev.R$anim: int shrink_fade_out
pt.rocket.jumia.dev.R$anim: int shrink_fade_out_from_bottom
pt.rocket.jumia.dev.R$anim: int slide_in_left
pt.rocket.jumia.dev.R$anim: int slide_in_right
pt.rocket.jumia.dev.R$anim: int slide_out_left
pt.rocket.jumia.dev.R$anim: int slide_out_right
pt.rocket.jumia.dev.R$animator: int activityfadein
pt.rocket.jumia.dev.R$animator: int splashfadeout
pt.rocket.jumia.dev.R$array: int catalog_new_item
pt.rocket.jumia.dev.R$array: int country_fallback_map
pt.rocket.jumia.dev.R$array: int country_icons
pt.rocket.jumia.dev.R$array: int country_names
pt.rocket.jumia.dev.R$array: int country_protocol
pt.rocket.jumia.dev.R$array: int currency_codes
pt.rocket.jumia.dev.R$array: int feedback_ignored_packages
pt.rocket.jumia.dev.R$array: int fkey_livekeys
pt.rocket.jumia.dev.R$array: int fkey_testkeys
pt.rocket.jumia.dev.R$array: int formatter_currency_codes
pt.rocket.jumia.dev.R$array: int formatter_currency_fraction_count
pt.rocket.jumia.dev.R$array: int formatter_currency_fraction_delim
pt.rocket.jumia.dev.R$array: int formatter_currency_thousands_delim
pt.rocket.jumia.dev.R$array: int formatter_currency_unit_pattern
pt.rocket.jumia.dev.R$array: int ga_livekeys
pt.rocket.jumia.dev.R$array: int ga_testkeys
pt.rocket.jumia.dev.R$array: int icons
pt.rocket.jumia.dev.R$array: int language_codes
pt.rocket.jumia.dev.R$array: int myaccount_array
pt.rocket.jumia.dev.R$array: int passwords
pt.rocket.jumia.dev.R$array: int products_picker
pt.rocket.jumia.dev.R$array: int restbase_paths
pt.rocket.jumia.dev.R$array: int servers
pt.rocket.jumia.dev.R$array: int shop_names
pt.rocket.jumia.dev.R$array: int users
pt.rocket.jumia.dev.R$array: int wifi_ap_security
pt.rocket.jumia.dev.R$array: int wifi_eap_method
pt.rocket.jumia.dev.R$array: int wifi_p2p_status
pt.rocket.jumia.dev.R$array: int wifi_p2p_wps_setup
pt.rocket.jumia.dev.R$attr: int actionBarDivider
pt.rocket.jumia.dev.R$attr: int actionBarItemBackground
pt.rocket.jumia.dev.R$attr: int actionBarSize
pt.rocket.jumia.dev.R$attr: int actionBarSplitStyle
pt.rocket.jumia.dev.R$attr: int actionBarStyle
pt.rocket.jumia.dev.R$attr: int actionBarTabBarStyle
pt.rocket.jumia.dev.R$attr: int actionBarTabStyle
pt.rocket.jumia.dev.R$attr: int actionBarTabTextStyle
pt.rocket.jumia.dev.R$attr: int actionBarWidgetTheme
pt.rocket.jumia.dev.R$attr: int actionButtonStyle
pt.rocket.jumia.dev.R$attr: int actionDropDownStyle
pt.rocket.jumia.dev.R$attr: int actionMenuTextAppearance
pt.rocket.jumia.dev.R$attr: int actionMenuTextColor
pt.rocket.jumia.dev.R$attr: int actionModeBackground
pt.rocket.jumia.dev.R$attr: int actionModeCloseButtonStyle
pt.rocket.jumia.dev.R$attr: int actionModeCloseDrawable
pt.rocket.jumia.dev.R$attr: int actionModePopupWindowStyle
pt.rocket.jumia.dev.R$attr: int actionModeShareDrawable
pt.rocket.jumia.dev.R$attr: int actionModeSplitBackground
pt.rocket.jumia.dev.R$attr: int actionModeStyle
pt.rocket.jumia.dev.R$attr: int actionOverflowButtonStyle
pt.rocket.jumia.dev.R$attr: int actionSpinnerItemStyle
pt.rocket.jumia.dev.R$attr: int activatedBackgroundIndicator
pt.rocket.jumia.dev.R$attr: int activityChooserViewStyle
pt.rocket.jumia.dev.R$attr: int alertDialogCenterButtons
pt.rocket.jumia.dev.R$attr: int alertDialogStyle
pt.rocket.jumia.dev.R$attr: int alertDialogTheme
...
org.holoeverywhere.R$bool: int abs__action_bar_embed_tabs
org.holoeverywhere.R$bool: int abs__action_bar_expanded_action_views_exclusive
org.holoeverywhere.R$bool: int abs__config_actionMenuItemAllCaps
org.holoeverywhere.R$bool: int abs__config_allowActionMenuItemTextWithIcon
org.holoeverywhere.R$bool: int abs__config_showMenuShortcutsWhenKeyboardPresent
org.holoeverywhere.R$bool: int abs__split_action_bar_is_narrow
org.holoeverywhere.R$color: int abs__background_holo_dark
org.holoeverywhere.R$color: int abs__background_holo_light
org.holoeverywhere.R$color: int abs__bright_foreground_disabled_holo_dark
org.holoeverywhere.R$color: int abs__bright_foreground_disabled_holo_light
org.holoeverywhere.R$color: int abs__bright_foreground_holo_dark
org.holoeverywhere.R$color: int abs__bright_foreground_holo_light
org.holoeverywhere.R$color: int abs__bright_foreground_inverse_holo_dark
org.holoeverywhere.R$color: int abs__bright_foreground_inverse_holo_light
org.holoeverywhere.R$color: int abs__holo_blue_light
org.holoeverywhere.R$color: int abs__primary_text_disable_only_holo_dark
org.holoeverywhere.R$color: int abs__primary_text_disable_only_holo_light
org.holoeverywhere.R$color: int abs__primary_text_holo_dark
org.holoeverywhere.R$color: int abs__primary_text_holo_light
org.holoeverywhere.R$color: int background_dark
org.holoeverywhere.R$color: int background_holo_dark
org.holoeverywhere.R$color: int background_holo_light
org.holoeverywhere.R$color: int background_light
org.holoeverywhere.R$color: int bright_foreground_dark
org.holoeverywhere.R$color: int bright_foreground_dark_disabled
org.holoeverywhere.R$color: int bright_foreground_dark_inverse
org.holoeverywhere.R$color: int bright_foreground_disabled_holo_dark
org.holoeverywhere.R$color: int bright_foreground_disabled_holo_light
org.holoeverywhere.R$color: int bright_foreground_holo_dark
org.holoeverywhere.R$dimen: int abs__action_bar_default_height
org.holoeverywhere.R$dimen: int abs__action_bar_icon_vertical_padding
org.holoeverywhere.R$dimen: int abs__action_bar_subtitle_bottom_margin
org.holoeverywhere.R$dimen: int abs__action_bar_subtitle_text_size
org.holoeverywhere.R$dimen: int abs__action_bar_subtitle_top_margin
org.holoeverywhere.R$dimen: int abs__action_bar_title_text_size
org.holoeverywhere.R$dimen: int abs__action_button_min_width
org.holoeverywhere.R$dimen: int abs__alert_dialog_title_height
org.holoeverywhere.R$dimen: int abs__config_prefDialogWidth
org.holoeverywhere.R$dimen: int abs__dialog_min_width_major
org.holoeverywhere.R$dimen: int abs__dialog_min_width_minor
org.holoeverywhere.R$dimen: int abs__dropdownitem_icon_width
org.holoeverywhere.R$dimen: int abs__dropdownitem_text_padding_left
org.holoeverywhere.R$dimen: int abs__dropdownitem_text_padding_right
org.holoeverywhere.R$dimen: int abs__search_view_preferred_width
org.holoeverywhere.R$dimen: int abs__search_view_text_min_width
org.holoeverywhere.R$dimen: int action_button_min_width
org.holoeverywhere.R$dimen: int alert_dialog_button_bar_height
org.holoeverywhere.R$dimen: int alert_dialog_title_height
org.holoeverywhere.R$dimen: int config_prefDialogWidth
org.holoeverywhere.R$dimen: int dialog_fixed_height_major
org.holoeverywhere.R$dimen: int dialog_fixed_height_minor
org.holoeverywhere.R$dimen: int dialog_fixed_width_major
org.holoeverywhere.R$dimen: int dialog_fixed_width_minor