pt.rocket.jumia.dev/proguard/mapping.txt
com.flurry.android.CallbackEvent -> apn:
    int a -> a
    long b -> b
    java.lang.String c -> c
    void setMessage(java.lang.String) -> a
com.flurry.android.CatalogActivity -> com.flurry.android.CatalogActivity:
    java.lang.String a -> a
    android.webkit.WebView b -> b
    com.flurry.android.x c -> c
    java.util.List d -> d
    com.flurry.android.v e -> e
    com.flurry.android.p f -> f
    void onCreate(android.os.Bundle) -> onCreate
    void finish() -> finish
    void onDestroy() -> onDestroy
    void onClick(android.view.View) -> onClick
    void a(com.flurry.android.y) -> a
    com.flurry.android.p a(com.flurry.android.CatalogActivity) -> a
    long b(com.flurry.android.CatalogActivity) -> b
    com.flurry.android.v c(com.flurry.android.CatalogActivity) -> c
com.flurry.android.CrcMessageDigest -> apo:
    java.util.zip.CRC32 a -> a
    void engineReset() -> engineReset
    void engineUpdate(byte) -> engineUpdate
    void engineUpdate(byte[],int,int) -> engineUpdate
    byte[] engineDigest() -> engineDigest
    byte[] getDigest() -> a
com.flurry.android.FlurryAgent -> app:
    java.lang.String[] b -> b
    java.lang.String c -> c
    java.lang.String kInsecureReportUrl -> d
    java.lang.String kSecureReportUrl -> e
    java.lang.String d -> f
    java.lang.String e -> g
    java.lang.String f -> h
    java.lang.String g -> i
    com.flurry.android.FlurryAgent h -> j
    long i -> k
    boolean j -> l
    boolean k -> m
    boolean l -> n
    boolean m -> o
    android.location.Criteria n -> p
    boolean o -> q
    com.flurry.android.AppCircle p -> r
    java.util.concurrent.atomic.AtomicInteger q -> s
    java.util.concurrent.atomic.AtomicInteger r -> t
    android.os.Handler s -> u
    java.io.File u -> v
    boolean v -> w
    boolean w -> x
    long x -> y
    java.util.Map y -> z
    java.lang.String z -> A
    java.lang.String A -> B
    java.lang.String B -> C
    boolean C -> D
    java.util.List D -> E
    android.location.LocationManager E -> F
    java.lang.String F -> G
    boolean G -> H
    long H -> I
    byte[] I -> J
    java.util.List J -> K
    long K -> L
    long L -> M
    long M -> N
    java.lang.String N -> O
    java.lang.String O -> P
    byte P -> Q
    java.lang.String Q -> R
    byte R -> S
    java.lang.Long S -> T
    int T -> U
    android.location.Location U -> V
    java.util.Map V -> W
    java.util.List W -> X
    boolean X -> Y
    java.util.List Z -> Z
    int aa -> aa
    com.flurry.android.v ab -> ab
    java.lang.String a -> a
    void a(java.lang.Throwable) -> a
com.flurry.android.FlurryAgent$FlurryDefaultExceptionHandler -> apq:
    java.lang.Thread$UncaughtExceptionHandler a -> a
    void uncaughtException(java.lang.Thread,java.lang.Throwable) -> uncaughtException
com.flurry.android.InstallReceiver -> com.flurry.android.InstallReceiver:
    android.os.Handler a -> a
    java.io.File b -> b
    void onReceive(android.content.Context,android.content.Intent) -> onReceive
    java.util.Map a(java.lang.String) -> a
    void a(java.util.Map) -> a
    java.io.File a(com.flurry.android.InstallReceiver) -> a
com.flurry.android.a -> apr:
    java.lang.String a -> a