pt.rocket.jumia.dev/proguard/usage.txt
pt.rocket.jumia.dev.BuildConfig
pt.rocket.jumia.dev.Manifest
pt.rocket.jumia.dev.Manifest$permission
pt.rocket.jumia.dev.R
pt.rocket.jumia.dev.R$anim
pt.rocket.jumia.dev.R$animator
pt.rocket.jumia.dev.R$array
pt.rocket.jumia.dev.R$attr
pt.rocket.jumia.dev.R$bool
pt.rocket.jumia.dev.R$color
pt.rocket.jumia.dev.R$dimen
pt.rocket.jumia.dev.R$drawable
pt.rocket.jumia.dev.R$id
pt.rocket.jumia.dev.R$integer
pt.rocket.jumia.dev.R$interpolator
pt.rocket.jumia.dev.R$layout
pt.rocket.jumia.dev.R$menu
pt.rocket.jumia.dev.R$plurals
pt.rocket.jumia.dev.R$raw
pt.rocket.jumia.dev.R$string
pt.rocket.jumia.dev.R$style
pt.rocket.jumia.dev.R$styleable
pt.rocket.jumia.dev.R$xml
...
com.facebook.android.Facebook$1
com.facebook.android.Facebook$DialogListener
com.facebook.android.Facebook$ServiceListener
com.facebook.android.Facebook$SetterTokenCachingStrategy
com.facebook.android.Facebook$TokenRefreshConnectionHandler
com.facebook.android.Facebook$TokenRefreshServiceConnection
com.facebook.android.FacebookError
com.facebook.android.FbDialog
com.facebook.android.FbDialog$1
com.facebook.android.R:
    9:9:public R()
com.facebook.android.R$anim
com.facebook.android.R$attr
com.facebook.android.R$bool
com.facebook.android.R$color:
    139:139:public R$color()
com.facebook.android.R$dimen:
    161:161:public R$dimen()
com.facebook.android.R$drawable:
    193:193:public R$drawable()
com.facebook.android.R$id:
    337:337:public R$id()
com.facebook.android.R$integer
com.facebook.android.R$layout:
    416:416:public R$layout()
com.facebook.android.R$string:
    454:454:public R$string()
com.facebook.android.R$style
com.facebook.android.R$styleable:
    589:589:public R$styleable()
com.facebook.android.Util:
    private static final java.lang.String UTF8
    44:44:public Util()
    58:72:public static java.lang.String encodePostBody(android.os.Bundle,java.lang.String)
    77:93:public static java.lang.String encodeUrl(android.os.Bundle)
    157:229:public static java.lang.String openUrl(java.lang.String,java.lang.String,android.os.Bundle)
    234:240:private static java.lang.String read(java.io.InputStream)
    265:294:public static org.json.JSONObject parseJson(java.lang.String)
    309:313:public static void showAlert(android.content.Context,java.lang.String,java.lang.String)
com.facebook.internal.AnalyticsEvents
com.facebook.internal.CacheableRequestBatch:
    35:36:public varargs CacheableRequestBatch(com.facebook.Request[])
    46:47:public final void setCacheKeyOverride(java.lang.String)
    54:55:public final void setForceRoundTrip(boolean)
com.facebook.internal.FileLruCache:
    private static final java.lang.String HEADER_CACHEKEY_KEY
    private static final java.lang.String HEADER_CACHE_CONTENT_TAG_KEY
    93:108:long sizeInBytesForTest()
com.facebook.internal.FileLruCache$BufferFile:
    private static final java.lang.String FILE_NAME_PREFIX
    306:306:private FileLruCache$BufferFile()
com.facebook.internal.FileLruCache$Limits:
    566:570:void setByteCount(int)
    573:577:void setFileCount(int)
com.facebook.internal.FileLruCache$ModifiedFile:
    private static final int HASH_SEED
    private static final int HASH_MULTIPLIER
com.facebook.internal.FileLruCache$StreamHeader:
    private static final int HEADER_VERSION
    351:351:private FileLruCache$StreamHeader()
com.facebook.internal.ImageDownloader:
    private static final int DOWNLOAD_QUEUE_MAX_CONCURRENT
    private static final int CACHE_READ_QUEUE_MAX_CONCURRENT
    35:35:public ImageDownloader()
    97:104:public static void prioritizeRequest(com.facebook.internal.ImageRequest)
com.facebook.internal.ImageDownloader$RequestKey:
    private static final int HASH_SEED
    private static final int HASH_MULTIPLIER
com.facebook.internal.ImageRequest:
    public static final int UNSPECIFIED_DIMENSION
    private static final java.lang.String PROFILEPIC_URL_FORMAT
    private static final java.lang.String HEIGHT_PARAM
    private static final java.lang.String WIDTH_PARAM
    private static final java.lang.String MIGRATION_PARAM
    private static final java.lang.String MIGRATION_VALUE
com.facebook.internal.Logger:
    public static final java.lang.String LOG_TAG_BASE
    95:95:public int getPriority()
    99:102:public void setPriority(int)
    105:105:public java.lang.String getContents()
    120:123:public void append(java.lang.StringBuilder)